$ tsc
src/aon/crystal-box.ts(41,42): error TS2312: An interface can only extend an object type or intersection of object types with statically known members.
src/aon/crystal-box.ts(90,10): error TS2341: Property 'response' is private and only accessible within class 'NDJSONStreamWriter'.
src/aon/crystal-box.ts(91,10): error TS2341: Property 'response' is private and only accessible within class 'NDJSONStreamWriter'.
src/aon/crystal-box.ts(92,10): error TS2341: Property 'response' is private and only accessible within class 'NDJSONStreamWriter'.
src/aon/crystal-box.ts(93,10): error TS2341: Property 'response' is private and only accessible within class 'NDJSONStreamWriter'.
src/aon/crystal-box.ts(110,10): error TS2341: Property 'response' is private and only accessible within class 'NDJSONStreamWriter'.
src/aon/crystal-box.ts(112,12): error TS2341: Property 'response' is private and only accessible within class 'NDJSONStreamWriter'.
src/aon/crystal-box.ts(115,12): error TS2341: Property 'response' is private and only accessible within class 'NDJSONStreamWriter'.
src/aon/crystal-box.ts(118,34): error TS2344: Type 'ProcessingStatusEvent' does not satisfy the constraint 'AONEvent'.
  Type 'ProcessingStatusEvent' is missing the following properties from type 'AONErrorEvent': code, timestamp
src/aon/crystal-box.ts(126,21): error TS2345: Argument of type 'ProcessingStatusEvent' is not assignable to parameter of type 'AONEvent'.
  Type 'ProcessingStatusEvent' is missing the following properties from type 'AONErrorEvent': code, timestamp
src/aon/crystal-box.ts(151,10): error TS2341: Property 'response' is private and only accessible within class 'NDJSONStreamWriter'.
src/aon/crystal-box.ts(152,10): error TS2341: Property 'response' is private and only accessible within class 'NDJSONStreamWriter'.
src/aon/crystal-box.ts(153,10): error TS2341: Property 'response' is private and only accessible within class 'NDJSONStreamWriter'.
src/aon/crystal-box.ts(155,34): error TS2344: Type 'ProcessingStatusEvent' does not satisfy the constraint 'AONEvent'.
  Type 'ProcessingStatusEvent' is missing the following properties from type 'AONErrorEvent': code, timestamp
src/aon/crystal-box.ts(161,21): error TS2345: Argument of type 'ProcessingStatusEvent' is not assignable to parameter of type 'AONEvent'.
  Type 'ProcessingStatusEvent' is missing the following properties from type 'AONErrorEvent': code, timestamp
src/aon/crystal-box.ts(176,34): error TS2344: Type 'CrystalHealingEvent' does not satisfy the constraint 'AONEvent'.
  Type 'CrystalHealingEvent' is missing the following properties from type 'AONErrorEvent': code, message, timestamp
src/aon/crystal-box.ts(183,21): error TS2345: Argument of type 'CrystalHealingEvent' is not assignable to parameter of type 'AONEvent'.
  Type 'CrystalHealingEvent' is missing the following properties from type 'AONErrorEvent': code, message, timestamp
src/aon/crystal-box.ts(199,34): error TS2344: Type 'DevNotificationEvent' does not satisfy the constraint 'AONEvent'.
  Type 'DevNotificationEvent' is missing the following properties from type 'AONErrorEvent': code, message, timestamp
src/aon/crystal-box.ts(205,21): error TS2345: Argument of type 'DevNotificationEvent' is not assignable to parameter of type 'AONEvent'.
  Type 'DevNotificationEvent' is missing the following properties from type 'AONErrorEvent': code, message, timestamp
src/auto-generator-ddd.ts(192,74): error TS18046: 'schemaError' is of type 'unknown'.
src/auto-generator-ddd.ts(201,48): error TS18046: 'error' is of type 'unknown'.
src/auto-generator-ddd.ts(1176,15): error TS2552: Cannot find name 'input'. Did you mean 'oninput'?
src/auto-generator-ddd.ts(1189,15): error TS2552: Cannot find name 'input'. Did you mean 'oninput'?
src/auto-routes.ts(151,30): error TS2532: Object is possibly 'undefined'.
src/auto-routes.ts(184,30): error TS2532: Object is possibly 'undefined'.
src/benchmark.api.ts(65,26): error TS2345: Argument of type 'string | undefined' is not assignable to parameter of type 'string'.
  Type 'undefined' is not assignable to type 'string'.
src/cache/native-cache.ts(216,15): error TS2488: Type '[K, number] | undefined' must have a '[Symbol.iterator]()' method that returns an iterator.
src/cli.ts(39,22): error TS18048: 'resourceArg' is possibly 'undefined'.
src/cli.ts(59,36): error TS2345: Argument of type 'string | undefined' is not assignable to parameter of type 'string'.
  Type 'undefined' is not assignable to type 'string'.
src/decorators/catch.ts(48,20): error TS18046: 'error' is of type 'unknown'.
src/decorators/catch.ts(49,20): error TS18046: 'error' is of type 'unknown'.
src/decorators/catch.ts(223,10): error TS2304: Cannot find name 'errorLog'.
src/decorators/catch.ts(230,3): error TS2304: Cannot find name 'errorLog'.
src/decorators/config.ts(241,3): error TS2322: Type '(target: any, propertyKey: string, descriptor: PropertyDescriptor) => PropertyDescriptor' is not assignable to type 'DecoratorFunction'.
  Types of parameters 'propertyKey' and 'propertyKey' are incompatible.
    Type 'string | undefined' is not assignable to type 'string'.
      Type 'undefined' is not assignable to type 'string'.
src/decorators/config.ts(263,3): error TS2322: Type '(target: any, propertyKey: string, descriptor: PropertyDescriptor) => PropertyDescriptor' is not assignable to type 'DecoratorFunction'.
  Types of parameters 'propertyKey' and 'propertyKey' are incompatible.
    Type 'string | undefined' is not assignable to type 'string'.
      Type 'undefined' is not assignable to type 'string'.
src/decorators/config.ts(276,3): error TS2322: Type '(target: any, propertyKey: string, descriptor: PropertyDescriptor) => PropertyDescriptor' is not assignable to type 'DecoratorFunction'.
  Types of parameters 'propertyKey' and 'propertyKey' are incompatible.
    Type 'string | undefined' is not assignable to type 'string'.
      Type 'undefined' is not assignable to type 'string'.
src/decorators/config.ts(294,3): error TS2322: Type 'MethodDecorator' is not assignable to type 'DecoratorFunction'.
  Types of parameters 'propertyKey' and 'propertyKey' are incompatible.
    Type 'string | undefined' is not assignable to type 'string | symbol'.
      Type 'undefined' is not assignable to type 'string | symbol'.
src/decorators/config.ts(295,3): error TS2322: Type 'MethodDecorator' is not assignable to type 'DecoratorFunction'.
  Types of parameters 'propertyKey' and 'propertyKey' are incompatible.
    Type 'string | undefined' is not assignable to type 'string | symbol'.
      Type 'undefined' is not assignable to type 'string | symbol'.
src/decorators/config.ts(307,3): error TS2322: Type 'MethodDecorator' is not assignable to type 'DecoratorFunction'.
  Types of parameters 'propertyKey' and 'propertyKey' are incompatible.
    Type 'string | undefined' is not assignable to type 'string | symbol'.
      Type 'undefined' is not assignable to type 'string | symbol'.
src/decorators/config.ts(311,3): error TS2322: Type 'MethodDecorator' is not assignable to type 'DecoratorFunction'.
  Types of parameters 'propertyKey' and 'propertyKey' are incompatible.
    Type 'string | undefined' is not assignable to type 'string | symbol'.
      Type 'undefined' is not assignable to type 'string | symbol'.
src/decorators/config.ts(322,3): error TS2322: Type '(target: any, propertyKey: string, descriptor: PropertyDescriptor) => PropertyDescriptor' is not assignable to type 'DecoratorFunction'.
  Types of parameters 'propertyKey' and 'propertyKey' are incompatible.
    Type 'string | undefined' is not assignable to type 'string'.
      Type 'undefined' is not assignable to type 'string'.
src/decorators/config.ts(331,3): error TS2322: Type '(target: any, propertyKey: string, descriptor: PropertyDescriptor) => PropertyDescriptor' is not assignable to type 'DecoratorFunction'.
  Types of parameters 'propertyKey' and 'propertyKey' are incompatible.
    Type 'string | undefined' is not assignable to type 'string'.
      Type 'undefined' is not assignable to type 'string'.
src/decorators/config.ts(332,3): error TS2322: Type '(target: any, propertyKey: string, descriptor: PropertyDescriptor) => PropertyDescriptor' is not assignable to type 'DecoratorFunction'.
  Types of parameters 'propertyKey' and 'propertyKey' are incompatible.
    Type 'string | undefined' is not assignable to type 'string'.
      Type 'undefined' is not assignable to type 'string'.
src/decorators/config.ts(343,3): error TS2322: Type '(target: any, propertyKey: string, descriptor: PropertyDescriptor) => PropertyDescriptor' is not assignable to type 'DecoratorFunction'.
  Types of parameters 'propertyKey' and 'propertyKey' are incompatible.
    Type 'string | undefined' is not assignable to type 'string'.
      Type 'undefined' is not assignable to type 'string'.
src/decorators/config.ts(344,3): error TS2322: Type '(target: any, propertyKey: string, descriptor: PropertyDescriptor) => PropertyDescriptor' is not assignable to type 'DecoratorFunction'.
  Types of parameters 'propertyKey' and 'propertyKey' are incompatible.
    Type 'string | undefined' is not assignable to type 'string'.
      Type 'undefined' is not assignable to type 'string'.
src/decorators/config.ts(354,3): error TS2322: Type '(target: any, propertyKey: string, descriptor: PropertyDescriptor) => PropertyDescriptor' is not assignable to type 'DecoratorFunction'.
  Types of parameters 'propertyKey' and 'propertyKey' are incompatible.
    Type 'string | undefined' is not assignable to type 'string'.
      Type 'undefined' is not assignable to type 'string'.
src/decorators/config.ts(355,3): error TS2322: Type '(target: any, propertyKey: string, descriptor: PropertyDescriptor) => PropertyDescriptor' is not assignable to type 'DecoratorFunction'.
  Types of parameters 'propertyKey' and 'propertyKey' are incompatible.
    Type 'string | undefined' is not assignable to type 'string'.
      Type 'undefined' is not assignable to type 'string'.
src/decorators/helmet.ts(596,21): error TS2339: Property 'value' does not exist on type 'void | TypedPropertyDescriptor<(req: Request<ParamsDictionary, any, any, QueryDictionary>, res: Response<any>, next: NextFunction) => Promise<...>>'.
  Property 'value' does not exist on type 'void'.
src/decorators/memoization.ts(76,9): error TS2322: Type 'string | undefined' is not assignable to type 'string'.
  Type 'undefined' is not assignable to type 'string'.
src/decorators/memoization.ts(92,9): error TS2322: Type 'string | undefined' is not assignable to type 'string'.
  Type 'undefined' is not assignable to type 'string'.
src/decorators/preset.ts(20,16): error TS2722: Cannot invoke an object which is possibly 'undefined'.
src/decorators/preset.ts(20,16): error TS18048: 'decorator' is possibly 'undefined'.
src/decorators/resilience.ts(149,14): error TS2339: Property 'then' does not exist on type 'void | Promise<void>'.
  Property 'then' does not exist on type 'void'.
src/decorators/resilience.ts(207,39): error TS2345: Argument of type 'AsyncChannel | null' is not assignable to parameter of type 'AsyncChannel'.
  Type 'null' is not assignable to type 'AsyncChannel'.
src/decorators/resilience.ts(233,47): error TS2345: Argument of type 'AsyncChannel | null' is not assignable to parameter of type 'AsyncChannel'.
  Type 'null' is not assignable to type 'AsyncChannel'.
src/decorators/resilience.ts(247,47): error TS2345: Argument of type 'AsyncChannel | null' is not assignable to parameter of type 'AsyncChannel'.
  Type 'null' is not assignable to type 'AsyncChannel'.
src/decorators/resilience.ts(288,45): error TS2345: Argument of type 'AsyncChannel | null' is not assignable to parameter of type 'AsyncChannel'.
  Type 'null' is not assignable to type 'AsyncChannel'.
src/decorators/resilience.ts(322,41): error TS2345: Argument of type 'AsyncChannel | null' is not assignable to parameter of type 'AsyncChannel'.
  Type 'null' is not assignable to type 'AsyncChannel'.
src/decorators/resilience.ts(332,35): error TS2345: Argument of type 'AsyncChannel | null' is not assignable to parameter of type 'AsyncChannel'.
  Type 'null' is not assignable to type 'AsyncChannel'.
src/decorators/resilience.ts(459,21): error TS2352: Conversion of type '{ status: (code: number) => any; json: (data: any) => { data: any; }; send: (data: any) => { data: any; }; statusCode: number; statusMessage: string; strictContentLength: boolean; req: IncomingMessage; ... 27 more ...; eventNames(): (string | symbol)[]; }' to type 'Response<any>' may be a mistake because neither type sufficiently overlaps with the other. If this was intentional, convert the expression to 'unknown' first.
  Type '{ status: (code: number) => any; json: (data: any) => { data: any; }; send: (data: any) => { data: any; }; statusCode: number; statusMessage: string; strictContentLength: boolean; req: IncomingMessage; ... 27 more ...; eventNames(): (string | symbol)[]; }' is missing the following properties from type 'Response<any>': assignSocket, detachSocket, writeContinue, writeEarlyHints, and 31 more.
src/decorators/resilience.ts(477,8): error TS2339: Property 'then' does not exist on type 'void | Promise<void>'.
  Property 'then' does not exist on type 'void'.
src/decorators/resilience.ts(477,13): error TS7006: Parameter 'result' implicitly has an 'any' type.
src/decorators/resilience.ts(481,14): error TS7006: Parameter 'error' implicitly has an 'any' type.
src/decorators/schema-validator.ts(39,50): error TS18046: 'error' is of type 'unknown'.
src/decorators/schema-validator.ts(59,50): error TS18046: 'error' is of type 'unknown'.
src/decorators/schema-validator.ts(71,20): error TS18046: 'error' is of type 'unknown'.
src/decorators/schema-validator.ts(72,14): error TS18046: 'error' is of type 'unknown'.
src/decorators/schema-validator.ts(74,14): error TS18046: 'error' is of type 'unknown'.
src/decorators/schema-validator.ts(95,50): error TS18046: 'error' is of type 'unknown'.
src/healer.ts(132,28): error TS2532: Object is possibly 'undefined'.
src/healer.ts(145,20): error TS2532: Object is possibly 'undefined'.
src/healer.ts(205,42): error TS2345: Argument of type 'string' is not assignable to parameter of type 'Url'.
  Type 'string' is not assignable to type '{ __brand: "Url"; }'.
src/index.ts(256,44): error TS7030: Not all code paths return a value.
src/libs/intent-router.ts(16,7): error TS2532: Object is possibly 'undefined'.
src/libs/intent-router.ts(19,7): error TS2532: Object is possibly 'undefined'.
src/libs/intent-router.ts(25,11): error TS2532: Object is possibly 'undefined'.
src/libs/intent-router.ts(25,26): error TS2532: Object is possibly 'undefined'.
src/libs/intent-router.ts(27,11): error TS2532: Object is possibly 'undefined'.
src/libs/intent-router.ts(28,13): error TS2532: Object is possibly 'undefined'.
src/libs/intent-router.ts(29,22): error TS2532: Object is possibly 'undefined'.
src/libs/intent-router.ts(29,45): error TS2532: Object is possibly 'undefined'.
src/libs/intent-router.ts(34,12): error TS2532: Object is possibly 'undefined'.
src/libs/intent-router.ts(88,23): error TS2532: Object is possibly 'undefined'.
src/libs/semantic-healer.ts(18,7): error TS2532: Object is possibly 'undefined'.
src/libs/semantic-healer.ts(21,7): error TS2532: Object is possibly 'undefined'.
src/libs/semantic-healer.ts(27,11): error TS2532: Object is possibly 'undefined'.
src/libs/semantic-healer.ts(27,26): error TS2532: Object is possibly 'undefined'.
src/libs/semantic-healer.ts(29,11): error TS2532: Object is possibly 'undefined'.
src/libs/semantic-healer.ts(30,13): error TS2532: Object is possibly 'undefined'.
src/libs/semantic-healer.ts(31,22): error TS2532: Object is possibly 'undefined'.
src/libs/semantic-healer.ts(31,45): error TS2532: Object is possibly 'undefined'.
src/libs/semantic-healer.ts(37,12): error TS2532: Object is possibly 'undefined'.
src/libs/semantic-healer.ts(271,58): error TS2345: Argument of type 'ZodTypeAny | undefined' is not assignable to parameter of type 'ZodTypeAny'.
  Type 'undefined' is not assignable to type 'ZodType<any, any, any>'.
src/libs/semantic-healer.ts(284,53): error TS2345: Argument of type 'ZodTypeAny | undefined' is not assignable to parameter of type 'ZodTypeAny'.
  Type 'undefined' is not assignable to type 'ZodType<any, any, any>'.
src/libs/semantic-healer.ts(285,24): error TS18048: 'targetSchema' is possibly 'undefined'.
src/libs/semantic-healer.ts(317,21): error TS2538: Type 'undefined' cannot be used as an index type.
src/libs/semantic-healer.ts(317,39): error TS2538: Type 'undefined' cannot be used as an index type.
src/middlewares.ts(184,41): error TS2345: Argument of type 'string | undefined' is not assignable to parameter of type 'string'.
  Type 'undefined' is not assignable to type 'string'.
src/middlewares.ts(259,18): error TS2339: Property 'code' does not exist on type 'Error'.
src/middlewares.ts(264,18): error TS2339: Property 'code' does not exist on type 'Error'.
src/middlewares.ts(264,46): error TS2339: Property 'code' does not exist on type 'Error'.
src/middlewares/filter-parser.ts(140,34): error TS2345: Argument of type 'string | undefined' is not assignable to parameter of type 'string'.
  Type 'undefined' is not assignable to type 'string'.
src/middlewares/filter-parser.ts(145,18): error TS2464: A computed property name must be of type 'string', 'number', 'symbol', or 'any'.
src/middlewares/filter-parser.ts(147,18): error TS2464: A computed property name must be of type 'string', 'number', 'symbol', or 'any'.
src/middlewares/filter-parser.ts(149,18): error TS2464: A computed property name must be of type 'string', 'number', 'symbol', or 'any'.
src/middlewares/filter-parser.ts(151,18): error TS2464: A computed property name must be of type 'string', 'number', 'symbol', or 'any'.
src/middlewares/filter-parser.ts(153,18): error TS2464: A computed property name must be of type 'string', 'number', 'symbol', or 'any'.
src/middlewares/filter-parser.ts(155,18): error TS2464: A computed property name must be of type 'string', 'number', 'symbol', or 'any'.
src/middlewares/filter-parser.ts(157,18): error TS2464: A computed property name must be of type 'string', 'number', 'symbol', or 'any'.
src/middlewares/filter-parser.ts(159,18): error TS2464: A computed property name must be of type 'string', 'number', 'symbol', or 'any'.
src/middlewares/get-intent.ts(13,41): error TS2532: Object is possibly 'undefined'.
src/middlewares/get-intent.ts(14,41): error TS2532: Object is possibly 'undefined'.
src/middlewares/get-intent.ts(18,9): error TS2532: Object is possibly 'undefined'.
src/middlewares/get-intent.ts(19,11): error TS2532: Object is possibly 'undefined'.
src/middlewares/get-intent.ts(20,11): error TS2532: Object is possibly 'undefined'.
src/middlewares/get-intent.ts(21,11): error TS2532: Object is possibly 'undefined'.
src/middlewares/get-intent.ts(25,12): error TS2532: Object is possibly 'undefined'.
src/middlewares/native-multipart.ts(94,20): error TS2532: Object is possibly 'undefined'.
src/middlewares/native-multipart.ts(133,64): error TS2345: Argument of type 'string | undefined' is not assignable to parameter of type 'string'.
  Type 'undefined' is not assignable to type 'string'.
src/middlewares/native-multipart.ts(140,16): error TS2538: Type 'undefined' cannot be used as an index type.
src/middlewares/native-multipart.ts(219,11): error TS2322: Type 'string | undefined' is not assignable to type 'string'.
  Type 'undefined' is not assignable to type 'string'.
src/middlewares/pipe-filter.ts(76,28): error TS2345: Argument of type 'string | undefined' is not assignable to parameter of type 'string'.
  Type 'undefined' is not assignable to type 'string'.
src/middlewares/pipe-filter.ts(103,21): error TS2464: A computed property name must be of type 'string', 'number', 'symbol', or 'any'.
src/middlewares/pipe-filter.ts(103,52): error TS2464: A computed property name must be of type 'string', 'number', 'symbol', or 'any'.
src/middlewares/pipe-filter.ts(118,33): error TS2322: Type 'Record<string, any> | undefined' is not assignable to type 'Record<string, any>'.
  Type 'undefined' is not assignable to type 'Record<string, any>'.
src/middlewares/storage-engines.ts(97,26): error TS2345: Argument of type '(error?: Error | undefined) => void' is not assignable to parameter of type 'NoParamCallback'.
  Types of parameters 'error' and 'err' are incompatible.
    Type 'ErrnoException | null' is not assignable to type 'Error | undefined'.
      Type 'null' is not assignable to type 'Error | undefined'.
src/middlewares/symbolic-filter.ts(76,28): error TS2345: Argument of type 'string | undefined' is not assignable to parameter of type 'string'.
  Type 'undefined' is not assignable to type 'string'.
src/middlewares/symbolic-filter.ts(103,21): error TS2464: A computed property name must be of type 'string', 'number', 'symbol', or 'any'.
src/middlewares/symbolic-filter.ts(103,52): error TS2464: A computed property name must be of type 'string', 'number', 'symbol', or 'any'.
src/middlewares/symbolic-filter.ts(118,33): error TS2322: Type 'Record<string, any> | undefined' is not assignable to type 'Record<string, any>'.
  Type 'undefined' is not assignable to type 'Record<string, any>'.
src/middlewares/uploadify/index.ts(221,21): error TS2322: Type 'string | undefined' is not assignable to type 'string | null'.
  Type 'undefined' is not assignable to type 'string | null'.
src/modules/patients/listPatients.ts(25,67): error TS2339: Property 'toLowerCase' does not exist on type 'string | string[]'.
  Property 'toLowerCase' does not exist on type 'string[]'.
src/modules/patients/listPatients.ts(32,24): error TS2345: Argument of type 'string | string[]' is not assignable to parameter of type 'string'.
  Type 'string[]' is not assignable to type 'string'.
src/modules/patients/listPatients.ts(33,25): error TS2345: Argument of type 'string | string[]' is not assignable to parameter of type 'string'.
  Type 'string[]' is not assignable to type 'string'.
src/modules/users/routes.ts(7,3): error TS2305: Module '"../../errors"' has no exported member 'error'.
src/modules/users/routes.ts(98,19): error TS2554: Expected 1 arguments, but got 0.
src/packages/native-multer/src/index.ts(28,1): error TS1203: Export assignment cannot be used when targeting ECMAScript modules. Consider using 'export default' or another module format instead.
src/packages/native-multer/src/index.ts(28,1): error TS2309: An export assignment cannot be used in a module with other exported elements.
src/packages/native-multer/src/multer.ts(219,13): error TS2532: Object is possibly 'undefined'.
src/packages/native-multer/src/parser.ts(76,20): error TS2532: Object is possibly 'undefined'.
src/packages/native-multer/src/parser.ts(112,11): error TS18048: 'fieldName' is possibly 'undefined'.
src/packages/native-multer/src/parser.ts(133,11): error TS2322: Type 'string | undefined' is not assignable to type 'string'.
  Type 'undefined' is not assignable to type 'string'.
src/packages/native-multer/src/parser.ts(134,11): error TS2322: Type 'string | undefined' is not assignable to type 'string'.
  Type 'undefined' is not assignable to type 'string'.
src/packages/native-multer/src/parser.ts(151,11): error TS2322: Type 'string | undefined' is not assignable to type 'string'.
  Type 'undefined' is not assignable to type 'string'.
src/packages/native-multer/src/storage/disk.ts(27,30): error TS2352: Conversion of type 'FileInfo' to type 'File' may be a mistake because neither type sufficiently overlaps with the other. If this was intentional, convert the expression to 'unknown' first.
  Property 'size' is missing in type 'FileInfo' but required in type 'File'.
src/packages/native-multer/src/storage/disk.ts(30,29): error TS2352: Conversion of type 'FileInfo' to type 'File' may be a mistake because neither type sufficiently overlaps with the other. If this was intentional, convert the expression to 'unknown' first.
  Property 'size' is missing in type 'FileInfo' but required in type 'File'.
src/packages/native-multer/src/storage/gcs.ts(24,37): error TS2352: Conversion of type 'FileInfo' to type 'File' may be a mistake because neither type sufficiently overlaps with the other. If this was intentional, convert the expression to 'unknown' first.
  Property 'size' is missing in type 'FileInfo' but required in type 'File'.
src/packages/native-multer/src/storage/gcs.ts(28,37): error TS2352: Conversion of type 'FileInfo' to type 'File' may be a mistake because neither type sufficiently overlaps with the other. If this was intentional, convert the expression to 'unknown' first.
  Property 'size' is missing in type 'FileInfo' but required in type 'File'.
src/packages/native-multer/src/storage/s3.ts(30,32): error TS2352: Conversion of type 'FileInfo' to type 'File' may be a mistake because neither type sufficiently overlaps with the other. If this was intentional, convert the expression to 'unknown' first.
  Property 'size' is missing in type 'FileInfo' but required in type 'File'.
src/packages/native-multer/src/storage/s3.ts(34,40): error TS2352: Conversion of type 'FileInfo' to type 'File' may be a mistake because neither type sufficiently overlaps with the other. If this was intentional, convert the expression to 'unknown' first.
  Property 'size' is missing in type 'FileInfo' but required in type 'File'.
src/packages/native-multer/src/storage/s3.ts(38,37): error TS2352: Conversion of type 'FileInfo' to type 'File' may be a mistake because neither type sufficiently overlaps with the other. If this was intentional, convert the expression to 'unknown' first.
  Property 'size' is missing in type 'FileInfo' but required in type 'File'.
src/packages/purecore-asyncify/src/index.ts(20,12): error TS2339: Property 'config' does not exist on type 'AsyncWay'.
src/packages/purecore-asyncify/src/index.ts(28,12): error TS2339: Property 'ws' does not exist on type 'AsyncWay'.
src/packages/purecore-asyncify/src/index.ts(29,12): error TS2339: Property 'sse' does not exist on type 'AsyncWay'.
src/packages/purecore-asyncify/src/index.ts(30,12): error TS2339: Property 'wsConnected' does not exist on type 'AsyncWay'.
src/packages/purecore-asyncify/src/index.ts(33,12): error TS2339: Property 'listeners' does not exist on type 'AsyncWay'.
src/packages/purecore-asyncify/src/index.ts(36,12): error TS2339: Property 'activeStreams' does not exist on type 'AsyncWay'.
src/packages/purecore-asyncify/src/index.ts(39,16): error TS2339: Property 'config' does not exist on type 'AsyncWay'.
src/packages/purecore-asyncify/src/index.ts(39,35): error TS2554: Expected 2 arguments, but got 1.
src/packages/purecore-asyncify/src/index.ts(40,16): error TS2339: Property 'config' does not exist on type 'AsyncWay'.
src/packages/purecore-asyncify/src/index.ts(40,36): error TS2554: Expected 2 arguments, but got 1.
src/packages/purecore-asyncify/src/index.ts(52,17): error TS7006: Parameter 'type' implicitly has an 'any' type.
src/packages/purecore-asyncify/src/index.ts(52,23): error TS7006: Parameter 'url' implicitly has an 'any' type.
src/packages/purecore-asyncify/src/index.ts(54,41): error TS2339: Property 'config' does not exist on type 'AsyncWay'.
src/packages/purecore-asyncify/src/index.ts(59,41): error TS2339: Property 'config' does not exist on type 'AsyncWay'.
src/packages/purecore-asyncify/src/index.ts(65,14): error TS7006: Parameter 'type' implicitly has an 'any' type.
src/packages/purecore-asyncify/src/index.ts(66,44): error TS2339: Property 'ws' does not exist on type 'AsyncWay'.
src/packages/purecore-asyncify/src/index.ts(67,16): error TS2339: Property 'ws' does not exist on type 'AsyncWay'.
src/packages/purecore-asyncify/src/index.ts(68,16): error TS2339: Property 'ws' does not exist on type 'AsyncWay'.
src/packages/purecore-asyncify/src/index.ts(69,16): error TS2339: Property 'wsConnected' does not exist on type 'AsyncWay'.
src/packages/purecore-asyncify/src/index.ts(72,45): error TS2339: Property 'sse' does not exist on type 'AsyncWay'.
src/packages/purecore-asyncify/src/index.ts(73,16): error TS2339: Property 'sse' does not exist on type 'AsyncWay'.
src/packages/purecore-asyncify/src/index.ts(74,16): error TS2339: Property 'sse' does not exist on type 'AsyncWay'.
src/packages/purecore-asyncify/src/index.ts(90,7): error TS7006: Parameter 'topic' implicitly has an 'any' type.
src/packages/purecore-asyncify/src/index.ts(90,14): error TS7006: Parameter 'payload' implicitly has an 'any' type.
src/packages/purecore-asyncify/src/index.ts(93,20): error TS2339: Property 'ws' does not exist on type 'AsyncWay'.
src/packages/purecore-asyncify/src/index.ts(93,31): error TS2339: Property 'wsConnected' does not exist on type 'AsyncWay'.
src/packages/purecore-asyncify/src/index.ts(101,20): error TS2339: Property 'ws' does not exist on type 'AsyncWay'.
src/packages/purecore-asyncify/src/index.ts(123,3): error TS7030: Not all code paths return a value.
src/packages/purecore-asyncify/src/index.ts(123,7): error TS7006: Parameter 'source' implicitly has an 'any' type.
src/packages/purecore-asyncify/src/index.ts(123,15): error TS7006: Parameter 'callback' implicitly has an 'any' type.
src/packages/purecore-asyncify/src/index.ts(133,21): error TS2339: Property 'listeners' does not exist on type 'AsyncWay'.
src/packages/purecore-asyncify/src/index.ts(134,20): error TS2339: Property 'listeners' does not exist on type 'AsyncWay'.
src/packages/purecore-asyncify/src/index.ts(136,16): error TS2339: Property 'listeners' does not exist on type 'AsyncWay'.
src/packages/purecore-asyncify/src/index.ts(140,49): error TS2339: Property 'sse' does not exist on type 'AsyncWay'.
src/packages/purecore-asyncify/src/index.ts(157,9): error TS7006: Parameter 'source' implicitly has an 'any' type.
src/packages/purecore-asyncify/src/index.ts(157,17): error TS7006: Parameter 'callback' implicitly has an 'any' type.
src/packages/purecore-asyncify/src/index.ts(160,20): error TS2339: Property 'activeStreams' does not exist on type 'AsyncWay'.
src/packages/purecore-asyncify/src/index.ts(161,39): error TS2339: Property 'activeStreams' does not exist on type 'AsyncWay'.
src/packages/purecore-asyncify/src/index.ts(163,20): error TS2339: Property 'activeStreams' does not exist on type 'AsyncWay'.
src/packages/purecore-asyncify/src/index.ts(170,34): error TS2339: Property 'listeners' does not exist on type 'AsyncWay'.
src/packages/purecore-asyncify/src/index.ts(174,24): error TS2339: Property 'listeners' does not exist on type 'AsyncWay'.
src/packages/purecore-asyncify/src/index.ts(186,14): error TS7006: Parameter 'url' implicitly has an 'any' type.
src/packages/purecore-asyncify/src/index.ts(188,12): error TS2339: Property 'ws' does not exist on type 'AsyncWay'.
src/packages/purecore-asyncify/src/index.ts(190,12): error TS2339: Property 'ws' does not exist on type 'AsyncWay'.
src/packages/purecore-asyncify/src/index.ts(191,16): error TS2339: Property 'wsConnected' does not exist on type 'AsyncWay'.
src/packages/purecore-asyncify/src/index.ts(196,12): error TS2339: Property 'ws' does not exist on type 'AsyncWay'.
src/packages/purecore-asyncify/src/index.ts(196,28): error TS7006: Parameter 'event' implicitly has an 'any' type.
src/packages/purecore-asyncify/src/index.ts(216,12): error TS2339: Property 'ws' does not exist on type 'AsyncWay'.
src/packages/purecore-asyncify/src/index.ts(217,16): error TS2339: Property 'wsConnected' does not exist on type 'AsyncWay'.
src/packages/purecore-asyncify/src/index.ts(219,20): error TS2339: Property 'config' does not exist on type 'AsyncWay'.
src/packages/purecore-asyncify/src/index.ts(220,61): error TS2339: Property 'config' does not exist on type 'AsyncWay'.
src/packages/purecore-asyncify/src/index.ts(221,59): error TS2339: Property 'config' does not exist on type 'AsyncWay'.
src/packages/purecore-asyncify/src/index.ts(225,12): error TS2339: Property 'ws' does not exist on type 'AsyncWay'.
src/packages/purecore-asyncify/src/index.ts(225,26): error TS7006: Parameter 'err' implicitly has an 'any' type.
src/packages/purecore-asyncify/src/index.ts(230,15): error TS7006: Parameter 'url' implicitly has an 'any' type.
src/packages/purecore-asyncify/src/index.ts(232,12): error TS2339: Property 'sse' does not exist on type 'AsyncWay'.
src/packages/purecore-asyncify/src/index.ts(234,12): error TS2339: Property 'sse' does not exist on type 'AsyncWay'.
src/packages/purecore-asyncify/src/index.ts(240,16): error TS2339: Property 'listeners' does not exist on type 'AsyncWay'.
src/packages/purecore-asyncify/src/index.ts(240,35): error TS7006: Parameter '_' implicitly has an 'any' type.
src/packages/purecore-asyncify/src/index.ts(240,38): error TS7006: Parameter 'key' implicitly has an 'any' type.
src/packages/purecore-asyncify/src/index.ts(247,12): error TS2339: Property 'sse' does not exist on type 'AsyncWay'.
src/packages/purecore-asyncify/src/index.ts(247,27): error TS7006: Parameter 'err' implicitly has an 'any' type.
src/packages/purecore-asyncify/src/index.ts(249,16): error TS2339: Property 'sse' does not exist on type 'AsyncWay'.
src/packages/purecore-asyncify/src/index.ts(251,20): error TS2339: Property 'config' does not exist on type 'AsyncWay'.
src/packages/purecore-asyncify/src/index.ts(252,60): error TS2339: Property 'config' does not exist on type 'AsyncWay'.
src/packages/purecore-asyncify/src/index.ts(257,12): error TS2339: Property 'sse' does not exist on type 'AsyncWay'.
src/packages/purecore-asyncify/src/index.ts(257,29): error TS7006: Parameter 'event' implicitly has an 'any' type.
src/packages/purecore-asyncify/src/index.ts(267,25): error TS7006: Parameter 'eventName' implicitly has an 'any' type.
src/packages/purecore-asyncify/src/index.ts(271,17): error TS2339: Property 'sse' does not exist on type 'AsyncWay'.
src/packages/purecore-asyncify/src/index.ts(273,12): error TS2339: Property 'sse' does not exist on type 'AsyncWay'.
src/packages/purecore-asyncify/src/index.ts(273,45): error TS7006: Parameter 'event' implicitly has an 'any' type.
src/packages/purecore-asyncify/src/index.ts(282,24): error TS7006: Parameter 'stream' implicitly has an 'any' type.
src/packages/purecore-asyncify/src/index.ts(282,32): error TS7006: Parameter 'callback' implicitly has an 'any' type.
src/packages/purecore-asyncify/src/index.ts(287,12): error TS2339: Property 'activeStreams' does not exist on type 'AsyncWay'.
src/packages/purecore-asyncify/src/index.ts(301,24): error TS2339: Property 'activeStreams' does not exist on type 'AsyncWay'.
src/packages/purecore-asyncify/src/index.ts(310,16): error TS2339: Property 'activeStreams' does not exist on type 'AsyncWay'.
src/packages/purecore-asyncify/src/index.ts(320,14): error TS7006: Parameter 'topic' implicitly has an 'any' type.
src/packages/purecore-asyncify/src/index.ts(320,21): error TS7006: Parameter 'data' implicitly has an 'any' type.
src/packages/purecore-asyncify/src/index.ts(321,16): error TS2339: Property 'listeners' does not exist on type 'AsyncWay'.
src/packages/purecore-asyncify/src/index.ts(322,34): error TS2339: Property 'listeners' does not exist on type 'AsyncWay'.
src/packages/purecore-asyncify/src/index.ts(323,29): error TS7006: Parameter 'cb' implicitly has an 'any' type.
src/packages/purecore-asyncify/src/index.ts(333,8): error TS7019: Rest parameter 'args' implicitly has an 'any[]' type.
src/packages/purecore-asyncify/src/index.ts(334,16): error TS2339: Property 'config' does not exist on type 'AsyncWay'.
src/packages/purecore-asyncify/src/index.ts(342,10): error TS2339: Property 'AsyncWay' does not exist on type 'Window & typeof globalThis'.
src/packages/purecore-evidencify/evidencify-package/src/examples/evidencifyClient.ts(1,17): error TS2305: Module '"../core/trace"' has no exported member 'metrics'.
src/packages/purecore-reqify/src/index.ts(113,45): error TS2532: Object is possibly 'undefined'.
src/packages/purecore-schemify/src/index.ts(227,71): error TS2536: Type '"_output"' cannot be used to index type 'T'.
src/packages/purecore-schemify/src/index.ts(254,106): error TS2536: Type '"_output"' cannot be used to index type 'T[K]'.
src/packages/purecore-schemify/src/index.ts(270,19): error TS2532: Object is possibly 'undefined'.
src/packages/purecore-schemify/src/index.ts(309,60): error TS2536: Type '"_output"' cannot be used to index type 'T[K]'.
src/packages/purecore-schemify/src/index.ts(312,23): error TS2532: Object is possibly 'undefined'.
src/packages/purecore-schemify/src/index.ts(340,47): error TS2536: Type '"_output"' cannot be used to index type 'T'.
src/packages/purecore-schemify/src/index.ts(352,50): error TS2536: Type '"_output"' cannot be used to index type 'T'.
src/packages/purecore-syncify/src/index.ts(251,17): error TS2394: This overload signature is not compatible with its implementation signature.
src/packages/purecore-syncify/src/utils/syncChannel.ts(146,30): error TS2345: Argument of type 'ChannelMessage<TReceive>' is not assignable to parameter of type 'ChannelMessage<TSend>'.
  Type 'TReceive' is not assignable to type 'TSend'.
    'TSend' could be instantiated with an arbitrary type which could be unrelated to 'TReceive'.
src/packages/purecore-syncify/src/utils/syncChannel.ts(182,33): error TS2345: Argument of type 'ChannelMessage<TReceive>' is not assignable to parameter of type 'ChannelMessage<TSend>'.
  Type 'TReceive' is not assignable to type 'TSend'.
    'TSend' could be instantiated with an arbitrary type which could be unrelated to 'TReceive'.
src/packages/purecore-syncify/src/utils/syncChannel.ts(217,36): error TS2345: Argument of type 'ChannelMessage<TReceive>' is not assignable to parameter of type 'ChannelMessage<TSend>'.
  Type 'TReceive' is not assignable to type 'TSend'.
    'TSend' could be instantiated with an arbitrary type which could be unrelated to 'TReceive'.
src/packages/purecore-syncify/src/utils/syncChannel.ts(278,32): error TS2345: Argument of type 'ChannelMessage<TReceive>' is not assignable to parameter of type 'ChannelMessage<TSend>'.
  Type 'TReceive' is not assignable to type 'TSend'.
    'TSend' could be instantiated with an arbitrary type which could be unrelated to 'TReceive'.
src/packages/purecore-syncify/src/utils/syncFlow.ts(110,49): error TS2345: Argument of type 'AsyncFn<unknown, unknown> | undefined' is not assignable to parameter of type 'AsyncFn<unknown, unknown>'.
  Type 'undefined' is not assignable to type 'AsyncFn<unknown, unknown>'.
src/packages/purecore-syncify/src/utils/syncFlow.ts(239,28): error TS2532: Object is possibly 'undefined'.
src/packages/purecore-syncify/src/utils/syncFlow.ts(239,28): error TS2722: Cannot invoke an object which is possibly 'undefined'.
src/packages/purecore-syncify/src/utils/syncParallel.ts(133,39): error TS2345: Argument of type 'AsyncFnNoInput<T> | undefined' is not assignable to parameter of type 'AsyncFnNoInput<T>'.
  Type 'undefined' is not assignable to type 'AsyncFnNoInput<T>'.
src/packages/purecore-syncify/src/utils/syncRace.ts(39,22): error TS2532: Object is possibly 'undefined'.
src/packages/purecore-testify/src/index.ts(147,19): error TS2339: Property 'mock' does not exist on type 'Function'.
src/packages/purecore-testify/src/index.ts(148,16): error TS2339: Property 'mock' does not exist on type 'Function'.
src/packages/purecore-testify/src/index.ts(150,14): error TS2339: Property 'mock' does not exist on type 'Function'.
src/packages/purecore-testify/src/index.ts(156,19): error TS2339: Property 'mock' does not exist on type 'Function'.
src/packages/purecore-testify/src/index.ts(157,16): error TS2339: Property 'mock' does not exist on type 'Function'.
src/packages/purecore-testify/src/index.ts(159,14): error TS2339: Property 'mock' does not exist on type 'Function'.
src/packages/purecore-testify/src/index.ts(170,56): error TS2341: Property '_call' is private and only accessible within class 'MockFunction'.
src/packages/purecore-testify/src/index.ts(182,12): error TS2352: Conversion of type '(...args: any[]) => any' to type 'MockFunction & T' may be a mistake because neither type sufficiently overlaps with the other. If this was intentional, convert the expression to 'unknown' first.
  Type '(...args: any[]) => any' is not comparable to type 'MockFunction'.
src/packages/purecore-testify/src/index.ts(234,68): error TS2769: No overload matches this call.
  Overload 1 of 2, '(block: () => unknown, message?: string | Error | undefined): void', gave the following error.
    Argument of type 'RegExp | Error | undefined' is not assignable to parameter of type 'string | Error | undefined'.
      Type 'RegExp' is not assignable to type 'string | Error | undefined'.
  Overload 2 of 2, '(block: () => unknown, error: AssertPredicate, message?: string | Error | undefined): void', gave the following error.
    Argument of type 'RegExp | Error | undefined' is not assignable to parameter of type 'AssertPredicate'.
      Type 'undefined' is not assignable to type 'AssertPredicate'.
src/packages/purecore-testify/src/index.ts(235,56): error TS2769: No overload matches this call.
  Overload 1 of 2, '(block: () => unknown, message?: string | Error | undefined): void', gave the following error.
    Argument of type 'RegExp | Error | undefined' is not assignable to parameter of type 'string | Error | undefined'.
      Type 'RegExp' is not assignable to type 'string | Error | undefined'.
  Overload 2 of 2, '(block: () => unknown, error: AssertPredicate, message?: string | Error | undefined): void', gave the following error.
    Argument of type 'RegExp | Error | undefined' is not assignable to parameter of type 'AssertPredicate'.
      Type 'undefined' is not assignable to type 'AssertPredicate'.
src/router.ts(65,39): error TS18048: 'layer' is possibly 'undefined'.
src/router.ts(69,11): error TS18048: 'layer' is possibly 'undefined'.
src/router.ts(69,37): error TS18048: 'layer' is possibly 'undefined'.
src/router.ts(72,11): error TS18048: 'layer' is possibly 'undefined'.
src/router.ts(73,9): error TS18048: 'layer' is possibly 'undefined'.
src/router.ts(80,13): error TS18048: 'layer' is possibly 'undefined'.
src/router.ts(88,41): error TS18048: 'layer' is possibly 'undefined'.
src/router.ts(91,29): error TS18048: 'layer' is possibly 'undefined'.
src/router.ts(101,51): error TS18048: 'layer' is possibly 'undefined'.
src/router.ts(115,18): error TS18048: 'layer' is possibly 'undefined'.
src/zod-analyzer.ts(77,20): error TS2532: Object is possibly 'undefined'.
src/zod-interface-generator.ts(75,26): error TS18048: 'fieldName' is possibly 'undefined'.
src/zod-interface-generator.ts(76,30): error TS18048: 'fieldName' is possibly 'undefined'.
src/zod-interface-generator.ts(79,23): error TS18048: 'fieldType' is possibly 'undefined'.
src/zod-interface-generator.ts(80,25): error TS18048: 'fieldType' is possibly 'undefined'.
src/zod-interface-generator.ts(107,50): error TS2345: Argument of type 'string | undefined' is not assignable to parameter of type 'string'.
  Type 'undefined' is not assignable to type 'string'.
src/zod-interface-generator.ts(108,66): error TS2345: Argument of type 'string | undefined' is not assignable to parameter of type 'string'.
  Type 'undefined' is not assignable to type 'string'.
src/zod-interface-generator.ts(109,52): error TS2345: Argument of type 'string | undefined' is not assignable to parameter of type 'string'.
  Type 'undefined' is not assignable to type 'string'.
src/zod-interface-generator.ts(112,7): error TS2322: Type 'string | undefined' is not assignable to type 'string'.
  Type 'undefined' is not assignable to type 'string'.
src/zod-interface-generator.ts(651,8): error TS2551: Property 'generateRelationshipDiagram' does not exist on type 'ZodSchemaGenerator'. Did you mean 'generateRelationshipsFile'?
src/zod-schema-generator.ts(309,52): error TS7006: Parameter 'sum' implicitly has an 'any' type.
src/zod-schema-generator.ts(309,57): error TS7006: Parameter 'item' implicitly has an 'any' type.
src/zod-schema-generator.ts(615,35): error TS2532: Object is possibly 'undefined'.
src/zod-schema-generator.ts(616,42): error TS2532: Object is possibly 'undefined'.
src/zod-schema-generator.ts(626,72): error TS2532: Object is possibly 'undefined'.
error: script "build" exited with code 1
